<?xml version="1.0" encoding="UTF-8"?>
<testsuite xmlns:xsi="http://www.w3.org/2001/XMLSchema-instance" xsi:noNamespaceSchemaLocation="https://maven.apache.org/surefire/maven-surefire-plugin/xsd/surefire-test-report-3.0.xsd" version="3.0" name="com.example.MybatisTest" time="0.765" tests="11" errors="0" skipped="0" failures="0">
  <properties>
[...]
</properties>
  <testcase name="testAddUser" classname="com.example.MybatisTest" time="0.429">
    <system-out><![CDATA[2026-09-06 17:59:14 DEBUG LogFactory:109 - Logging initialized using 'class org.apache.ibatis.logging.log4j.Log4jImpl' adapter.
2026-09-06 17:59:14 DEBUG PooledDataSource:379 - PooledDataSource forcefully closed/removed all connections.
2026-09-06 17:59:14 DEBUG PooledDataSource:379 - PooledDataSource forcefully closed/removed all connections.
2026-09-06 17:59:14 DEBUG PooledDataSource:379 - PooledDataSource forcefully closed/removed all connections.
2026-09-06 17:59:14 DEBUG PooledDataSource:379 - PooledDataSource forcefully closed/removed all connections.
2026-09-06 17:59:14 DEBUG JdbcTransaction:143 - Opening JDBC Connection
2026-09-06 17:59:14 DEBUG PooledDataSource:454 - Created connection 253348306.
2026-09-06 17:59:14 DEBUG JdbcTransaction:107 - Setting autocommit to false on JDBC Connection [com.mysql.cj.jdbc.ConnectionImpl@f19c9d2]
2026-09-06 17:59:14 DEBUG testfind:135 - ==>  Preparing: SELECT * FROM user WHERE username = ?
2026-09-06 17:59:14 DEBUG testfind:135 - ==> Parameters: testuser1(String)
2026-09-06 17:59:14 DEBUG testfind:135 - <==      Total: 1
2026-09-06 17:59:14 DEBUG addUser:135 - ==>  Preparing: INSERT INTO user(username, password, email) VALUES(?, ?, ?)
2026-09-06 17:59:14 DEBUG addUser:135 - ==> Parameters: test_user_1788688754750_1(String), 123456(String), test_1788688754750_1@example.com(String)
2026-09-06 17:59:14 DEBUG addUser:135 - <==    Updates: 1
2026-09-06 17:59:14 DEBUG JdbcTransaction:76 - Committing JDBC Connection [com.mysql.cj.jdbc.ConnectionImpl@f19c9d2]
=== addUser ===
影响行数: 1, 自增主键: 50
2026-09-06 17:59:14 DEBUG JdbcTransaction:130 - Resetting autocommit to true on JDBC Connection [com.mysql.cj.jdbc.ConnectionImpl@f19c9d2]
2026-09-06 17:59:14 DEBUG JdbcTransaction:97 - Closing JDBC Connection [com.mysql.cj.jdbc.ConnectionImpl@f19c9d2]
2026-09-06 17:59:14 DEBUG PooledDataSource:409 - Returned connection 253348306 to pool.
]]></system-out>
    <system-err><![CDATA[SLF4J: No SLF4J providers were found.
SLF4J: Defaulting to no-operation (NOP) logger implementation
SLF4J: See http://www.slf4j.org/codes.html#noProviders for further details.
SLF4J: Class path contains SLF4J bindings targeting slf4j-api versions prior to 1.8.
SLF4J: Ignoring binding found at [jar:file:/C:/Users/34818/.m2/repository/org/slf4j/slf4j-reload4j/1.7.36/slf4j-reload4j-1.7.36.jar!/org/slf4j/impl/StaticLoggerBinder.class]
SLF4J: See http://www.slf4j.org/codes.html#ignoredBindings for an explanation.
]]></system-err>
  </testcase>
  <testcase name="testFindAllByxml" classname="com.example.MybatisTest" time="0.041">
    <system-out><![CDATA[2026-09-06 17:59:14 DEBUG LogFactory:109 - Logging initialized using 'class org.apache.ibatis.logging.log4j.Log4jImpl' adapter.
2026-09-06 17:59:14 DEBUG PooledDataSource:379 - PooledDataSource forcefully closed/removed all connections.
2026-09-06 17:59:14 DEBUG PooledDataSource:379 - PooledDataSource forcefully closed/removed all connections.
2026-09-06 17:59:14 DEBUG PooledDataSource:379 - PooledDataSource forcefully closed/removed all connections.
2026-09-06 17:59:14 DEBUG PooledDataSource:379 - PooledDataSource forcefully closed/removed all connections.
2026-09-06 17:59:14 DEBUG JdbcTransaction:143 - Opening JDBC Connection
2026-09-06 17:59:14 DEBUG PooledDataSource:454 - Created connection 1725054538.
2026-09-06 17:59:14 DEBUG JdbcTransaction:107 - Setting autocommit to false on JDBC Connection [com.mysql.cj.jdbc.ConnectionImpl@66d23e4a]
2026-09-06 17:59:14 DEBUG testfind:135 - ==>  Preparing: SELECT * FROM user WHERE username = ?
2026-09-06 17:59:14 DEBUG testfind:135 - ==> Parameters: testuser1(String)
2026-09-06 17:59:14 DEBUG testfind:135 - <==      Total: 1
2026-09-06 17:59:14 DEBUG findAllByxml:135 - ==>  Preparing: SELECT * FROM user
2026-09-06 17:59:14 DEBUG findAllByxml:135 - ==> Parameters: 
2026-09-06 17:59:14 DEBUG findAllByxml:135 - <==      Total: 23
=== findAllByxml ===
User{id=1, username='testuser1', password='password123', email='testuser1@example.com'}
User{id=4, username='testuser4', password='password123', email='testuser4@example.com'}
User{id=5, username='testuser5', password='password123', email='testuser5@example.com'}
User{id=6, username='testuser6', password='password456', email='testuser6@example.com'}
User{id=7, username='testuser7', password='password789', email='testuser7@example.com'}
User{id=8, username='testuser8', password='password123', email='testuser8@example.com'}
User{id=9, username='testuser9', password='password456', email='testuser9@example.com'}
User{id=10, username='testuser10', password='password123', email='testuser10@example.com'}
User{id=11, username='testuser11', password='password456', email='testuser11@example.com'}
User{id=12, username='testuser12', password='password789', email='testuser12@example.com'}
User{id=13, username='testuser13', password='password123', email='testuser13@example.com'}
User{id=14, username='testuser14', password='password123', email='testuser14@example.com'}
User{id=15, username='testuser15', password='password456', email='testuser15@example.com'}
User{id=16, username='test_user', password='123456', email='test@example.com'}
User{id=17, username='insert_user', password='password', email='insert@example.com'}
User{id=20, username='testuser2', password='password456', email='testuser2@example.com'}
User{id=21, username='testuser3', password='password789', email='testuser3@example.com'}
User{id=22, username='test_user_1788688562890_1', password='123456', email='test_1788688562890_1@example.com'}
User{id=44, username='test_user_1788688667955_1', password='123456', email='test_1788688667955_1@example.com'}
User{id=45, username='upd_prep_1788688668096_1', password='pwd', email='updated_1788688668096_1@example.com'}
User{id=48, username='insert_user_1788688668256_1', password='password', email='insert_1788688668256_1@example.com'}
User{id=49, username='upd2_prep_1788688668277_1', password='pwd', email='update_alias_1788688668277_1@example.com'}
User{id=50, username='test_user_1788688754750_1', password='123456', email='test_1788688754750_1@example.com'}
2026-09-06 17:59:14 DEBUG JdbcTransaction:130 - Resetting autocommit to true on JDBC Connection [com.mysql.cj.jdbc.ConnectionImpl@66d23e4a]
2026-09-06 17:59:14 DEBUG JdbcTransaction:97 - Closing JDBC Connection [com.mysql.cj.jdbc.ConnectionImpl@66d23e4a]
2026-09-06 17:59:14 DEBUG PooledDataSource:409 - Returned connection 1725054538 to pool.
]]></system-out>
  </testcase>
  <testcase name="testSelectAll" classname="com.example.MybatisTest" time="0.041">
    <system-out><![CDATA[2026-09-06 17:59:14 DEBUG LogFactory:109 - Logging initialized using 'class org.apache.ibatis.logging.log4j.Log4jImpl' adapter.
2026-09-06 17:59:14 DEBUG PooledDataSource:379 - PooledDataSource forcefully closed/removed all connections.
2026-09-06 17:59:14 DEBUG PooledDataSource:379 - PooledDataSource forcefully closed/removed all connections.
2026-09-06 17:59:14 DEBUG PooledDataSource:379 - PooledDataSource forcefully closed/removed all connections.
2026-09-06 17:59:14 DEBUG PooledDataSource:379 - PooledDataSource forcefully closed/removed all connections.
2026-09-06 17:59:14 DEBUG JdbcTransaction:143 - Opening JDBC Connection
2026-09-06 17:59:14 DEBUG PooledDataSource:454 - Created connection 456785282.
2026-09-06 17:59:14 DEBUG JdbcTransaction:107 - Setting autocommit to false on JDBC Connection [com.mysql.cj.jdbc.ConnectionImpl@1b39fd82]
2026-09-06 17:59:14 DEBUG testfind:135 - ==>  Preparing: SELECT * FROM user WHERE username = ?
2026-09-06 17:59:14 DEBUG testfind:135 - ==> Parameters: testuser1(String)
2026-09-06 17:59:14 DEBUG testfind:135 - <==      Total: 1
2026-09-06 17:59:14 DEBUG selectAll:135 - ==>  Preparing: SELECT * FROM user
2026-09-06 17:59:14 DEBUG PooledDataSource:379 - PooledDataSource forcefully closed/removed all connections.
2026-09-06 17:59:14 DEBUG selectAll:135 - ==> Parameters: 
2026-09-06 17:59:14 DEBUG PooledDataSource:379 - PooledDataSource forcefully closed/removed all connections.
2026-09-06 17:59:14 DEBUG selectAll:135 - <==      Total: 23
=== selectAll ===
User{id=1, username='testuser1', password='password123', email='testuser1@example.com'}
User{id=4, username='testuser4', password='password123', email='testuser4@example.com'}
User{id=5, username='testuser5', password='password123', email='testuser5@example.com'}
User{id=6, username='testuser6', password='password456', email='testuser6@example.com'}
User{id=7, username='testuser7', password='password789', email='testuser7@example.com'}
User{id=8, username='testuser8', password='password123', email='testuser8@example.com'}
User{id=9, username='testuser9', password='password456', email='testuser9@example.com'}
User{id=10, username='testuser10', password='password123', email='testuser10@example.com'}
User{id=11, username='testuser11', password='password456', email='testuser11@example.com'}
User{id=12, username='testuser12', password='password789', email='testuser12@example.com'}
User{id=13, username='testuser13', password='password123', email='testuser13@example.com'}
User{id=14, username='testuser14', password='password123', email='testuser14@example.com'}
User{id=15, username='testuser15', password='password456', email='testuser15@example.com'}
User{id=16, username='test_user', password='123456', email='test@example.com'}
User{id=17, username='insert_user', password='password', email='insert@example.com'}
User{id=20, username='testuser2', password='password456', email='testuser2@example.com'}
User{id=21, username='testuser3', password='password789', email='testuser3@example.com'}
User{id=22, username='test_user_1788688562890_1', password='123456', email='test_1788688562890_1@example.com'}
User{id=44, username='test_user_1788688667955_1', password='123456', email='test_1788688667955_1@example.com'}
User{id=45, username='upd_prep_1788688668096_1', password='pwd', email='updated_1788688668096_1@example.com'}
User{id=48, username='insert_user_1788688668256_1', password='password', email='insert_1788688668256_1@example.com'}
User{id=49, username='upd2_prep_1788688668277_1', password='pwd', email='update_alias_1788688668277_1@example.com'}
User{id=50, username='test_user_1788688754750_1', password='123456', email='test_1788688754750_1@example.com'}
2026-09-06 17:59:14 DEBUG JdbcTransaction:130 - Resetting autocommit to true on JDBC Connection [com.mysql.cj.jdbc.ConnectionImpl@1b39fd82]
2026-09-06 17:59:14 DEBUG JdbcTransaction:97 - Closing JDBC Connection [com.mysql.cj.jdbc.ConnectionImpl@1b39fd82]
2026-09-06 17:59:14 DEBUG PooledDataSource:409 - Returned connection 456785282 to pool.
]]></system-out>
  </testcase>
  <testcase name="testUpdateUser" classname="com.example.MybatisTest" time="0.033">
    <system-out><![CDATA[2026-09-06 17:59:14 DEBUG LogFactory:109 - Logging initialized using 'class org.apache.ibatis.logging.log4j.Log4jImpl' adapter.
2026-09-06 17:59:14 DEBUG PooledDataSource:379 - PooledDataSource forcefully closed/removed all connections.
2026-09-06 17:59:14 DEBUG PooledDataSource:379 - PooledDataSource forcefully closed/removed all connections.
2026-09-06 17:59:14 DEBUG PooledDataSource:379 - PooledDataSource forcefully closed/removed all connections.
2026-09-06 17:59:14 DEBUG PooledDataSource:379 - PooledDataSource forcefully closed/removed all connections.
2026-09-06 17:59:14 DEBUG JdbcTransaction:143 - Opening JDBC Connection
2026-09-06 17:59:14 DEBUG PooledDataSource:454 - Created connection 1487230025.
2026-09-06 17:59:14 DEBUG JdbcTransaction:107 - Setting autocommit to false on JDBC Connection [com.mysql.cj.jdbc.ConnectionImpl@58a55449]
2026-09-06 17:59:14 DEBUG testfind:135 - ==>  Preparing: SELECT * FROM user WHERE username = ?
2026-09-06 17:59:14 DEBUG testfind:135 - ==> Parameters: testuser1(String)
2026-09-06 17:59:14 DEBUG testfind:135 - <==      Total: 1
2026-09-06 17:59:14 DEBUG addUser:135 - ==>  Preparing: INSERT INTO user(username, password, email) VALUES(?, ?, ?)
2026-09-06 17:59:14 DEBUG addUser:135 - ==> Parameters: upd_prep_1788688754884_1(String), pwd(String), updprep_1788688754884_1@example.com(String)
2026-09-06 17:59:14 DEBUG addUser:135 - <==    Updates: 1
2026-09-06 17:59:14 DEBUG JdbcTransaction:76 - Committing JDBC Connection [com.mysql.cj.jdbc.ConnectionImpl@58a55449]
2026-09-06 17:59:14 DEBUG updateUser:135 - ==>  Preparing: UPDATE user SET username = ?, password = ?, email = ? WHERE id = ?
2026-09-06 17:59:14 DEBUG updateUser:135 - ==> Parameters: upd_prep_1788688754884_1(String), pwd(String), updated_1788688754884_1@example.com(String), 51(Integer)
2026-09-06 17:59:14 DEBUG updateUser:135 - <==    Updates: 1
2026-09-06 17:59:14 DEBUG JdbcTransaction:76 - Committing JDBC Connection [com.mysql.cj.jdbc.ConnectionImpl@58a55449]
=== updateUser ===
影响行数: 1
2026-09-06 17:59:14 DEBUG JdbcTransaction:130 - Resetting autocommit to true on JDBC Connection [com.mysql.cj.jdbc.ConnectionImpl@58a55449]
2026-09-06 17:59:14 DEBUG JdbcTransaction:97 - Closing JDBC Connection [com.mysql.cj.jdbc.ConnectionImpl@58a55449]
2026-09-06 17:59:14 DEBUG PooledDataSource:409 - Returned connection 1487230025 to pool.
]]></system-out>
  </testcase>
  <testcase name="testTestfind" classname="com.example.MybatisTest" time="0.03">
    <system-out><![CDATA[2026-09-06 17:59:14 DEBUG LogFactory:109 - Logging initialized using 'class org.apache.ibatis.logging.log4j.Log4jImpl' adapter.
2026-09-06 17:59:14 DEBUG PooledDataSource:379 - PooledDataSource forcefully closed/removed all connections.
2026-09-06 17:59:14 DEBUG PooledDataSource:379 - PooledDataSource forcefully closed/removed all connections.
2026-09-06 17:59:14 DEBUG PooledDataSource:379 - PooledDataSource forcefully closed/removed all connections.
2026-09-06 17:59:14 DEBUG PooledDataSource:379 - PooledDataSource forcefully closed/removed all connections.
2026-09-06 17:59:14 DEBUG JdbcTransaction:143 - Opening JDBC Connection
2026-09-06 17:59:14 DEBUG PooledDataSource:454 - Created connection 1130598644.
2026-09-06 17:59:14 DEBUG JdbcTransaction:107 - Setting autocommit to false on JDBC Connection [com.mysql.cj.jdbc.ConnectionImpl@436390f4]
2026-09-06 17:59:14 DEBUG testfind:135 - ==>  Preparing: SELECT * FROM user WHERE username = ?
2026-09-06 17:59:14 DEBUG testfind:135 - ==> Parameters: testuser1(String)
2026-09-06 17:59:14 DEBUG testfind:135 - <==      Total: 1
2026-09-06 17:59:14 DEBUG testfind:135 - ==>  Preparing: SELECT * FROM user WHERE username = ?
2026-09-06 17:59:14 DEBUG testfind:135 - ==> Parameters: testuser1(String)
2026-09-06 17:59:14 DEBUG testfind:135 - <==      Total: 1
=== testfind("testuser1") ===
User{id=1, username='testuser1', password='password123', email='testuser1@example.com'}
2026-09-06 17:59:14 DEBUG JdbcTransaction:130 - Resetting autocommit to true on JDBC Connection [com.mysql.cj.jdbc.ConnectionImpl@436390f4]
2026-09-06 17:59:14 DEBUG JdbcTransaction:97 - Closing JDBC Connection [com.mysql.cj.jdbc.ConnectionImpl@436390f4]
2026-09-06 17:59:14 DEBUG PooledDataSource:409 - Returned connection 1130598644 to pool.
]]></system-out>
  </testcase>
  <testcase name="testFindById" classname="com.example.MybatisTest" time="0.028">
    <system-out><![CDATA[2026-09-06 17:59:14 DEBUG LogFactory:109 - Logging initialized using 'class org.apache.ibatis.logging.log4j.Log4jImpl' adapter.
2026-09-06 17:59:14 DEBUG PooledDataSource:379 - PooledDataSource forcefully closed/removed all connections.
2026-09-06 17:59:14 DEBUG PooledDataSource:379 - PooledDataSource forcefully closed/removed all connections.
2026-09-06 17:59:14 DEBUG PooledDataSource:379 - PooledDataSource forcefully closed/removed all connections.
2026-09-06 17:59:14 DEBUG PooledDataSource:379 - PooledDataSource forcefully closed/removed all connections.
2026-09-06 17:59:14 DEBUG JdbcTransaction:143 - Opening JDBC Connection
2026-09-06 17:59:14 DEBUG PooledDataSource:454 - Created connection 981159997.
2026-09-06 17:59:14 DEBUG JdbcTransaction:107 - Setting autocommit to false on JDBC Connection [com.mysql.cj.jdbc.ConnectionImpl@3a7b503d]
2026-09-06 17:59:14 DEBUG testfind:135 - ==>  Preparing: SELECT * FROM user WHERE username = ?
2026-09-06 17:59:14 DEBUG testfind:135 - ==> Parameters: testuser1(String)
2026-09-06 17:59:14 DEBUG testfind:135 - <==      Total: 1
2026-09-06 17:59:14 DEBUG testfind:135 - ==>  Preparing: SELECT * FROM user WHERE username = ?
2026-09-06 17:59:14 DEBUG testfind:135 - ==> Parameters: testuser1(String)
2026-09-06 17:59:14 DEBUG testfind:135 - <==      Total: 1
2026-09-06 17:59:14 DEBUG findById:135 - ==>  Preparing: SELECT * FROM user WHERE id = ?
2026-09-06 17:59:14 DEBUG findById:135 - ==> Parameters: 1(Integer)
2026-09-06 17:59:14 DEBUG findById:135 - <==      Total: 1
=== findById(1) ===
User{id=1, username='testuser1', password='password123', email='testuser1@example.com'}
2026-09-06 17:59:14 DEBUG JdbcTransaction:130 - Resetting autocommit to true on JDBC Connection [com.mysql.cj.jdbc.ConnectionImpl@3a7b503d]
2026-09-06 17:59:14 DEBUG JdbcTransaction:97 - Closing JDBC Connection [com.mysql.cj.jdbc.ConnectionImpl@3a7b503d]
2026-09-06 17:59:14 DEBUG PooledDataSource:409 - Returned connection 981159997 to pool.
]]></system-out>
  </testcase>
  <testcase name="testDeleteById" classname="com.example.MybatisTest" time="0.031">
    <system-out><![CDATA[2026-09-06 17:59:14 DEBUG LogFactory:109 - Logging initialized using 'class org.apache.ibatis.logging.log4j.Log4jImpl' adapter.
2026-09-06 17:59:14 DEBUG PooledDataSource:379 - PooledDataSource forcefully closed/removed all connections.
2026-09-06 17:59:14 DEBUG PooledDataSource:379 - PooledDataSource forcefully closed/removed all connections.
2026-09-06 17:59:14 DEBUG PooledDataSource:379 - PooledDataSource forcefully closed/removed all connections.
2026-09-06 17:59:14 DEBUG PooledDataSource:379 - PooledDataSource forcefully closed/removed all connections.
2026-09-06 17:59:14 DEBUG JdbcTransaction:143 - Opening JDBC Connection
2026-09-06 17:59:14 DEBUG PooledDataSource:454 - Created connection 49969897.
2026-09-06 17:59:14 DEBUG JdbcTransaction:107 - Setting autocommit to false on JDBC Connection [com.mysql.cj.jdbc.ConnectionImpl@2fa7ae9]
2026-09-06 17:59:14 DEBUG testfind:135 - ==>  Preparing: SELECT * FROM user WHERE username = ?
2026-09-06 17:59:14 DEBUG testfind:135 - ==> Parameters: testuser1(String)
2026-09-06 17:59:14 DEBUG testfind:135 - <==      Total: 1
2026-09-06 17:59:14 DEBUG insert:135 - ==>  Preparing: INSERT INTO user(username, password, email) VALUES(?, ?, ?)
2026-09-06 17:59:14 DEBUG insert:135 - ==> Parameters: to_del_1788688754974_1(String), pwd(String), del2_1788688754974_1@example.com(String)
2026-09-06 17:59:14 DEBUG insert:135 - <==    Updates: 1
2026-09-06 17:59:14 DEBUG JdbcTransaction:76 - Committing JDBC Connection [com.mysql.cj.jdbc.ConnectionImpl@2fa7ae9]
2026-09-06 17:59:14 DEBUG deleteById:135 - ==>  Preparing: DELETE FROM user WHERE id = ?
2026-09-06 17:59:14 DEBUG deleteById:135 - ==> Parameters: 52(Integer)
2026-09-06 17:59:14 DEBUG deleteById:135 - <==    Updates: 1
2026-09-06 17:59:14 DEBUG JdbcTransaction:76 - Committing JDBC Connection [com.mysql.cj.jdbc.ConnectionImpl@2fa7ae9]
=== deleteById ===
影响行数: 1
2026-09-06 17:59:14 DEBUG JdbcTransaction:130 - Resetting autocommit to true on JDBC Connection [com.mysql.cj.jdbc.ConnectionImpl@2fa7ae9]
2026-09-06 17:59:14 DEBUG JdbcTransaction:97 - Closing JDBC Connection [com.mysql.cj.jdbc.ConnectionImpl@2fa7ae9]
2026-09-06 17:59:14 DEBUG PooledDataSource:409 - Returned connection 49969897 to pool.
]]></system-out>
  </testcase>
  <testcase name="testDeleteUser" classname="com.example.MybatisTest" time="0.037">
    <system-out><![CDATA[2026-09-06 17:59:14 DEBUG LogFactory:109 - Logging initialized using 'class org.apache.ibatis.logging.log4j.Log4jImpl' adapter.
2026-09-06 17:59:14 DEBUG PooledDataSource:379 - PooledDataSource forcefully closed/removed all connections.
2026-09-06 17:59:14 DEBUG PooledDataSource:379 - PooledDataSource forcefully closed/removed all connections.
2026-09-06 17:59:14 DEBUG PooledDataSource:379 - PooledDataSource forcefully closed/removed all connections.
2026-09-06 17:59:14 DEBUG PooledDataSource:379 - PooledDataSource forcefully closed/removed all connections.
2026-09-06 17:59:15 DEBUG JdbcTransaction:143 - Opening JDBC Connection
2026-09-06 17:59:15 DEBUG PooledDataSource:454 - Created connection 740467528.
2026-09-06 17:59:15 DEBUG JdbcTransaction:107 - Setting autocommit to false on JDBC Connection [com.mysql.cj.jdbc.ConnectionImpl@2c22a348]
2026-09-06 17:59:15 DEBUG testfind:135 - ==>  Preparing: SELECT * FROM user WHERE username = ?
2026-09-06 17:59:15 DEBUG testfind:135 - ==> Parameters: testuser1(String)
2026-09-06 17:59:15 DEBUG testfind:135 - <==      Total: 1
2026-09-06 17:59:15 DEBUG addUser:135 - ==>  Preparing: INSERT INTO user(username, password, email) VALUES(?, ?, ?)
2026-09-06 17:59:15 DEBUG addUser:135 - ==> Parameters: to_delete_1788688755011_1(String), pwd(String), del_1788688755011_1@example.com(String)
2026-09-06 17:59:15 DEBUG addUser:135 - <==    Updates: 1
2026-09-06 17:59:15 DEBUG JdbcTransaction:76 - Committing JDBC Connection [com.mysql.cj.jdbc.ConnectionImpl@2c22a348]
2026-09-06 17:59:15 DEBUG deleteUser:135 - ==>  Preparing: DELETE FROM user WHERE id = ?
2026-09-06 17:59:15 DEBUG deleteUser:135 - ==> Parameters: 53(Integer)
2026-09-06 17:59:15 DEBUG deleteUser:135 - <==    Updates: 1
2026-09-06 17:59:15 DEBUG JdbcTransaction:76 - Committing JDBC Connection [com.mysql.cj.jdbc.ConnectionImpl@2c22a348]
=== deleteUser ===
影响行数: 1
2026-09-06 17:59:15 DEBUG JdbcTransaction:130 - Resetting autocommit to true on JDBC Connection [com.mysql.cj.jdbc.ConnectionImpl@2c22a348]
2026-09-06 17:59:15 DEBUG JdbcTransaction:97 - Closing JDBC Connection [com.mysql.cj.jdbc.ConnectionImpl@2c22a348]
2026-09-06 17:59:15 DEBUG PooledDataSource:409 - Returned connection 740467528 to pool.
]]></system-out>
  </testcase>
  <testcase name="testInsert" classname="com.example.MybatisTest" time="0.028">
    <system-out><![CDATA[2026-09-06 17:59:15 DEBUG LogFactory:109 - Logging initialized using 'class org.apache.ibatis.logging.log4j.Log4jImpl' adapter.
2026-09-06 17:59:15 DEBUG PooledDataSource:379 - PooledDataSource forcefully closed/removed all connections.
2026-09-06 17:59:15 DEBUG PooledDataSource:379 - PooledDataSource forcefully closed/removed all connections.
2026-09-06 17:59:15 DEBUG PooledDataSource:379 - PooledDataSource forcefully closed/removed all connections.
2026-09-06 17:59:15 DEBUG PooledDataSource:379 - PooledDataSource forcefully closed/removed all connections.
2026-09-06 17:59:15 DEBUG JdbcTransaction:143 - Opening JDBC Connection
2026-09-06 17:59:15 DEBUG PooledDataSource:454 - Created connection 1616438581.
2026-09-06 17:59:15 DEBUG JdbcTransaction:107 - Setting autocommit to false on JDBC Connection [com.mysql.cj.jdbc.ConnectionImpl@6058e535]
2026-09-06 17:59:15 DEBUG testfind:135 - ==>  Preparing: SELECT * FROM user WHERE username = ?
2026-09-06 17:59:15 DEBUG testfind:135 - ==> Parameters: testuser1(String)
2026-09-06 17:59:15 DEBUG testfind:135 - <==      Total: 1
2026-09-06 17:59:15 DEBUG insert:135 - ==>  Preparing: INSERT INTO user(username, password, email) VALUES(?, ?, ?)
2026-09-06 17:59:15 DEBUG insert:135 - ==> Parameters: insert_user_1788688755044_1(String), password(String), insert_1788688755044_1@example.com(String)
2026-09-06 17:59:15 DEBUG insert:135 - <==    Updates: 1
2026-09-06 17:59:15 DEBUG JdbcTransaction:76 - Committing JDBC Connection [com.mysql.cj.jdbc.ConnectionImpl@6058e535]
=== insert ===
影响行数: 1, 自增主键: 54
2026-09-06 17:59:15 DEBUG JdbcTransaction:130 - Resetting autocommit to true on JDBC Connection [com.mysql.cj.jdbc.ConnectionImpl@6058e535]
2026-09-06 17:59:15 DEBUG JdbcTransaction:97 - Closing JDBC Connection [com.mysql.cj.jdbc.ConnectionImpl@6058e535]
2026-09-06 17:59:15 DEBUG PooledDataSource:409 - Returned connection 1616438581 to pool.
]]></system-out>
  </testcase>
  <testcase name="testUpdate" classname="com.example.MybatisTest" time="0.029">
    <system-out><![CDATA[2026-09-06 17:59:15 DEBUG LogFactory:109 - Logging initialized using 'class org.apache.ibatis.logging.log4j.Log4jImpl' adapter.
2026-09-06 17:59:15 DEBUG PooledDataSource:379 - PooledDataSource forcefully closed/removed all connections.
2026-09-06 17:59:15 DEBUG PooledDataSource:379 - PooledDataSource forcefully closed/removed all connections.
2026-09-06 17:59:15 DEBUG PooledDataSource:379 - PooledDataSource forcefully closed/removed all connections.
2026-09-06 17:59:15 DEBUG PooledDataSource:379 - PooledDataSource forcefully closed/removed all connections.
2026-09-06 17:59:15 DEBUG JdbcTransaction:143 - Opening JDBC Connection
2026-09-06 17:59:15 DEBUG PooledDataSource:454 - Created connection 1356236848.
2026-09-06 17:59:15 DEBUG JdbcTransaction:107 - Setting autocommit to false on JDBC Connection [com.mysql.cj.jdbc.ConnectionImpl@50d68830]
2026-09-06 17:59:15 DEBUG testfind:135 - ==>  Preparing: SELECT * FROM user WHERE username = ?
2026-09-06 17:59:15 DEBUG testfind:135 - ==> Parameters: testuser1(String)
2026-09-06 17:59:15 DEBUG testfind:135 - <==      Total: 1
2026-09-06 17:59:15 DEBUG addUser:135 - ==>  Preparing: INSERT INTO user(username, password, email) VALUES(?, ?, ?)
2026-09-06 17:59:15 DEBUG addUser:135 - ==> Parameters: upd2_prep_1788688755073_1(String), pwd(String), upd2prep_1788688755073_1@example.com(String)
2026-09-06 17:59:15 DEBUG addUser:135 - <==    Updates: 1
2026-09-06 17:59:15 DEBUG JdbcTransaction:76 - Committing JDBC Connection [com.mysql.cj.jdbc.ConnectionImpl@50d68830]
2026-09-06 17:59:15 DEBUG update:135 - ==>  Preparing: UPDATE user SET username = ?, password = ?, email = ? WHERE id = ?
2026-09-06 17:59:15 DEBUG update:135 - ==> Parameters: upd2_prep_1788688755073_1(String), pwd(String), update_alias_1788688755073_1@example.com(String), 55(Integer)
2026-09-06 17:59:15 DEBUG update:135 - <==    Updates: 1
2026-09-06 17:59:15 DEBUG JdbcTransaction:76 - Committing JDBC Connection [com.mysql.cj.jdbc.ConnectionImpl@50d68830]
=== update ===
影响行数: 1
2026-09-06 17:59:15 DEBUG JdbcTransaction:130 - Resetting autocommit to true on JDBC Connection [com.mysql.cj.jdbc.ConnectionImpl@50d68830]
2026-09-06 17:59:15 DEBUG JdbcTransaction:97 - Closing JDBC Connection [com.mysql.cj.jdbc.ConnectionImpl@50d68830]
2026-09-06 17:59:15 DEBUG PooledDataSource:409 - Returned connection 1356236848 to pool.
]]></system-out>
  </testcase>
  <testcase name="testSelectById" classname="com.example.MybatisTest" time="0.022">
    <system-out><![CDATA[2026-09-06 17:59:15 DEBUG LogFactory:109 - Logging initialized using 'class org.apache.ibatis.logging.log4j.Log4jImpl' adapter.
2026-09-06 17:59:15 DEBUG PooledDataSource:379 - PooledDataSource forcefully closed/removed all connections.
2026-09-06 17:59:15 DEBUG PooledDataSource:379 - PooledDataSource forcefully closed/removed all connections.
2026-09-06 17:59:15 DEBUG PooledDataSource:379 - PooledDataSource forcefully closed/removed all connections.
2026-09-06 17:59:15 DEBUG PooledDataSource:379 - PooledDataSource forcefully closed/removed all connections.
2026-09-06 17:59:15 DEBUG JdbcTransaction:143 - Opening JDBC Connection
2026-09-06 17:59:15 DEBUG PooledDataSource:454 - Created connection 615853374.
2026-09-06 17:59:15 DEBUG JdbcTransaction:107 - Setting autocommit to false on JDBC Connection [com.mysql.cj.jdbc.ConnectionImpl@24b52d3e]
2026-09-06 17:59:15 DEBUG testfind:135 - ==>  Preparing: SELECT * FROM user WHERE username = ?
2026-09-06 17:59:15 DEBUG testfind:135 - ==> Parameters: testuser1(String)
2026-09-06 17:59:15 DEBUG testfind:135 - <==      Total: 1
2026-09-06 17:59:15 DEBUG testfind:135 - ==>  Preparing: SELECT * FROM user WHERE username = ?
2026-09-06 17:59:15 DEBUG testfind:135 - ==> Parameters: testuser1(String)
2026-09-06 17:59:15 DEBUG testfind:135 - <==      Total: 1
2026-09-06 17:59:15 DEBUG selectById:135 - ==>  Preparing: SELECT * FROM user WHERE id = ?
2026-09-06 17:59:15 DEBUG selectById:135 - ==> Parameters: 1(Integer)
2026-09-06 17:59:15 DEBUG selectById:135 - <==      Total: 1
=== selectById(1) ===
User{id=1, username='testuser1', password='password123', email='testuser1@example.com'}
2026-09-06 17:59:15 DEBUG JdbcTransaction:130 - Resetting autocommit to true on JDBC Connection [com.mysql.cj.jdbc.ConnectionImpl@24b52d3e]
2026-09-06 17:59:15 DEBUG JdbcTransaction:97 - Closing JDBC Connection [com.mysql.cj.jdbc.ConnectionImpl@24b52d3e]
2026-09-06 17:59:15 DEBUG PooledDataSource:409 - Returned connection 615853374 to pool.
]]></system-out>
  </testcase>
</testsuite>